<?xml version="1.0" encoding="UTF-8"?>
<!-- Generated by org.testng.reporters.JUnitXMLReporter -->
<testsuite hostname="USFRKEVDIF00564" ignored="0" name="Google" tests="4" failures="0" timestamp="17 Jul 2018 11:38:31 GMT" time="65.136" errors="0">
  <testcase name="testGoogle" time="23.119" classname="com.framework.tests.TestGoogle"/>
  <testcase name="testGoogle" time="14.581" classname="com.framework.tests.TestGoogle"/>
  <testcase name="testGoogle" time="12.493" classname="com.framework.tests.TestGoogle"/>
  <testcase name="testGoogle" time="12.925" classname="com.framework.tests.TestGoogle"/>
</testsuite> <!-- Google -->
